Determining if the pthread_create exist failed with the following output:
Change Dir: /home/dom/Desktop/cs585/tests/CMakeFiles/CMakeTmp

Run Build Command:/usr/bin/make "cmTryCompileExec2388813996/fast"
/usr/bin/make -f CMakeFiles/cmTryCompileExec2388813996.dir/build.make CMakeFiles/cmTryCompileExec2388813996.dir/build
make[1]: Entering directory `/home/dom/Desktop/cs585/tests/CMakeFiles/CMakeTmp'
/usr/bin/cmake -E cmake_progress_report /home/dom/Desktop/cs585/tests/CMakeFiles/CMakeTmp/CMakeFiles 1
Building C object CMakeFiles/cmTryCompileExec2388813996.dir/CheckSymbolExists.c.o
/usr/bin/cc    -o CMakeFiles/cmTryCompileExec2388813996.dir/CheckSymbolExists.c.o   -c /home/dom/Desktop/cs585/tests/CMakeFiles/CMakeTmp/CheckSymbolExists.c
Linking C executable cmTryCompileExec2388813996
/usr/bin/cmake -E cmake_link_script CMakeFiles/cmTryCompileExec2388813996.dir/link.txt --verbose=1
/usr/bin/cc       CMakeFiles/cmTryCompileExec2388813996.dir/CheckSymbolExists.c.o  -o cmTryCompileExec2388813996 -rdynamic 
CMakeFiles/cmTryCompileExec2388813996.dir/CheckSymbolExists.c.o: In function `main':
CheckSymbolExists.c:(.text+0x16): undefined reference to `pthread_create'
collect2: error: ld returned 1 exit status
make[1]: *** [cmTryCompileExec2388813996] Error 1
make[1]: Leaving directory `/home/dom/Desktop/cs585/tests/CMakeFiles/CMakeTmp'
make: *** [cmTryCompileExec2388813996/fast] Error 2

File /home/dom/Desktop/cs585/tests/CMakeFiles/CMakeTmp/CheckSymbolExists.c:
/* */
#include <pthread.h>

int main(int argc, char** argv)
{
  (void)argv;
#ifndef pthread_create
  return ((int*)(&pthread_create))[argc];
#else
  (void)argc;
  return 0;
#endif
}

Determining if the function pthread_create exists in the pthreads failed with the following output:
Change Dir: /home/dom/Desktop/cs585/tests/CMakeFiles/CMakeTmp

Run Build Command:/usr/bin/make "cmTryCompileExec3506474691/fast"
/usr/bin/make -f CMakeFiles/cmTryCompileExec3506474691.dir/build.make CMakeFiles/cmTryCompileExec3506474691.dir/build
make[1]: Entering directory `/home/dom/Desktop/cs585/tests/CMakeFiles/CMakeTmp'
/usr/bin/cmake -E cmake_progress_report /home/dom/Desktop/cs585/tests/CMakeFiles/CMakeTmp/CMakeFiles 1
Building C object CMakeFiles/cmTryCompileExec3506474691.dir/CheckFunctionExists.c.o
/usr/bin/cc   -DCHECK_FUNCTION_EXISTS=pthread_create   -o CMakeFiles/cmTryCompileExec3506474691.dir/CheckFunctionExists.c.o   -c /usr/share/cmake-2.8/Modules/CheckFunctionExists.c
Linking C executable cmTryCompileExec3506474691
/usr/bin/cmake -E cmake_link_script CMakeFiles/cmTryCompileExec3506474691.dir/link.txt --verbose=1
/usr/bin/cc   -DCHECK_FUNCTION_EXISTS=pthread_create    CMakeFiles/cmTryCompileExec3506474691.dir/CheckFunctionExists.c.o  -o cmTryCompileExec3506474691 -rdynamic -lpthreads 
/usr/bin/ld: cannot find -lpthreads
collect2: error: ld returned 1 exit status
make[1]: *** [cmTryCompileExec3506474691] Error 1
make[1]: Leaving directory `/home/dom/Desktop/cs585/tests/CMakeFiles/CMakeTmp'
make: *** [cmTryCompileExec3506474691/fast] Error 2


