Compiling the CXX compiler identification source file "CMakeCXXCompilerId.cpp" failed.
Compiler: CMAKE_CXX_COMPILER-NOTFOUND 
Build flags: 
Id flags: 

The output was:
No such file or directory


Compiling the CXX compiler identification source file "CMakeCXXCompilerId.cpp" failed.
Compiler: CMAKE_CXX_COMPILER-NOTFOUND 
Build flags: 
Id flags: -c

The output was:
No such file or directory


Checking whether the CXX compiler is IAR using "" did not match "IAR .+ Compiler":
Compiling the CXX compiler identification source file "CMakeCXXCompilerId.cpp" failed.
Compiler: CMAKE_CXX_COMPILER-NOTFOUND 
Build flags: 
Id flags: 

The output was:
No such file or directory


Compiling the CXX compiler identification source file "CMakeCXXCompilerId.cpp" failed.
Compiler: CMAKE_CXX_COMPILER-NOTFOUND 
Build flags: 
Id flags: -c

The output was:
No such file or directory


Checking whether the CXX compiler is IAR using "" did not match "IAR .+ Compiler":
Determining if the pthread_create exist failed with the following output:
Change Dir: /home/dom/Desktop/cs585/CMakeFiles/CMakeTmp

Run Build Command:/usr/bin/make "cmTryCompileExec2760746968/fast"
make[1]: Entering directory `/home/dom/Desktop/cs585/CMakeFiles/CMakeTmp'
/usr/bin/make -f CMakeFiles/cmTryCompileExec2760746968.dir/build.make CMakeFiles/cmTryCompileExec2760746968.dir/build
make[2]: Entering directory `/home/dom/Desktop/cs585/CMakeFiles/CMakeTmp'
/usr/bin/cmake -E cmake_progress_report /home/dom/Desktop/cs585/CMakeFiles/CMakeTmp/CMakeFiles 1
Building C object CMakeFiles/cmTryCompileExec2760746968.dir/CheckSymbolExists.c.o
/usr/bin/cc    -o CMakeFiles/cmTryCompileExec2760746968.dir/CheckSymbolExists.c.o   -c /home/dom/Desktop/cs585/CMakeFiles/CMakeTmp/CheckSymbolExists.c
Linking C executable cmTryCompileExec2760746968
/usr/bin/cmake -E cmake_link_script CMakeFiles/cmTryCompileExec2760746968.dir/link.txt --verbose=1
/usr/bin/cc       CMakeFiles/cmTryCompileExec2760746968.dir/CheckSymbolExists.c.o  -o cmTryCompileExec2760746968 -rdynamic 
CMakeFiles/cmTryCompileExec2760746968.dir/CheckSymbolExists.c.o: In function `main':
CheckSymbolExists.c:(.text+0x16): undefined reference to `pthread_create'
collect2: error: ld returned 1 exit status
make[2]: *** [cmTryCompileExec2760746968] Error 1
make[2]: Leaving directory `/home/dom/Desktop/cs585/CMakeFiles/CMakeTmp'
make[1]: *** [cmTryCompileExec2760746968/fast] Error 2
make[1]: Leaving directory `/home/dom/Desktop/cs585/CMakeFiles/CMakeTmp'

File /home/dom/Desktop/cs585/CMakeFiles/CMakeTmp/CheckSymbolExists.c:
/* */
#include <pthread.h>

int main(int argc, char** argv)
{
  (void)argv;
#ifndef pthread_create
  return ((int*)(&pthread_create))[argc];
#else
  (void)argc;
  return 0;
#endif
}

Determining if the function pthread_create exists in the pthreads failed with the following output:
Change Dir: /home/dom/Desktop/cs585/CMakeFiles/CMakeTmp

Run Build Command:/usr/bin/make "cmTryCompileExec3165546301/fast"
make[1]: Entering directory `/home/dom/Desktop/cs585/CMakeFiles/CMakeTmp'
/usr/bin/make -f CMakeFiles/cmTryCompileExec3165546301.dir/build.make CMakeFiles/cmTryCompileExec3165546301.dir/build
make[2]: Entering directory `/home/dom/Desktop/cs585/CMakeFiles/CMakeTmp'
/usr/bin/cmake -E cmake_progress_report /home/dom/Desktop/cs585/CMakeFiles/CMakeTmp/CMakeFiles 1
Building C object CMakeFiles/cmTryCompileExec3165546301.dir/CheckFunctionExists.c.o
/usr/bin/cc   -DCHECK_FUNCTION_EXISTS=pthread_create   -o CMakeFiles/cmTryCompileExec3165546301.dir/CheckFunctionExists.c.o   -c /usr/share/cmake-2.8/Modules/CheckFunctionExists.c
Linking C executable cmTryCompileExec3165546301
/usr/bin/cmake -E cmake_link_script CMakeFiles/cmTryCompileExec3165546301.dir/link.txt --verbose=1
/usr/bin/cc   -DCHECK_FUNCTION_EXISTS=pthread_create    CMakeFiles/cmTryCompileExec3165546301.dir/CheckFunctionExists.c.o  -o cmTryCompileExec3165546301 -rdynamic -lpthreads 
/usr/bin/ld: cannot find -lpthreads
collect2: error: ld returned 1 exit status
make[2]: *** [cmTryCompileExec3165546301] Error 1
make[2]: Leaving directory `/home/dom/Desktop/cs585/CMakeFiles/CMakeTmp'
make[1]: *** [cmTryCompileExec3165546301/fast] Error 2
make[1]: Leaving directory `/home/dom/Desktop/cs585/CMakeFiles/CMakeTmp'


